This is XeTeX, Version 3.141592653-2.6-0.999994 (TeX Live 2022) (preloaded format=xelatex 2023.1.31)  22 DEC 2024 15:11
entering extended mode
 restricted \write18 enabled.
 %&-line parsing enabled.
**/Users/lotembassan/Dropbox/Praise-and-Empathy/Analysis/Figures/Table_S2.tex
(/Users/lotembassan/Dropbox/Praise-and-Empathy/Analysis/Figures/Table_S2.tex
LaTeX2e <2022-11-01> patch level 1
L3 programming layer <2023-01-24>

! LaTeX Error: File `standalone.cls' not found.

Type X to quit or <RETURN> to proceed,
or enter new name. (Default extension: cls)

Enter file name: 
! Emergency stop.
<read *> 
         
l.2 \usepackage
               {amssymb, amsmath}^^M 
Here is how much of TeX's memory you used:
 23 strings out of 478723
 590 string characters out of 5848691
 1841966 words of memory out of 5000000
 20195 multiletter control sequences out of 15000+600000
 512287 words of font info for 32 fonts, out of 8000000 for 9000
 14 hyphenation exceptions out of 8191
 19i,0n,29p,145b,17s stack positions out of 10000i,1000n,20000p,200000b,200000s

No pages of output.
