This is XeTeX, Version 3.141592653-2.6-0.999993 (TeX Live 2021) (preloaded format=xelatex 2021.10.25)  1 OCT 2025 09:47
entering extended mode
 restricted \write18 enabled.
 %&-line parsing enabled.
**"/Users/adelinelo/Adeline\ Research\ Dropbox/Adeline\ Lo/Praise-and-Empathy/G
ithub/Praise-and-Empathy/Praise-and-Empathy/Figures/Table_S13a.tex"
! Emergency stop.
<to be read again> 
                   \ 
<*> "/Users/adelinelo/Adeline\ 
                               Research\ Dropbox/Adeline\ Lo/Praise-and-Empa...
 
Here is how much of TeX's memory you used:
 3 strings out of 476919
 34 string characters out of 5821839
 292912 words of memory out of 5000000
 20108 multiletter control sequences out of 15000+600000
 403430 words of font info for 27 fonts, out of 8000000 for 9000
 1348 hyphenation exceptions out of 8191
 1i,0n,0p,1b,6s stack positions out of 5000i,500n,10000p,200000b,80000s
No pages of output.
